CRITICAL - 2020-11-25 16:42:52 --> syntax error, unexpected '}', expecting ';'
#0 C:\xampp\htdocs\framework-4.0.4\system\Autoloader\Autoloader.php(296): CodeIgniter\Autoloader\Autoloader->requireFile('C:\\xampp\\htdocs...')
#1 C:\xampp\htdocs\framework-4.0.4\system\Autoloader\Autoloader.php(258): CodeIgniter\Autoloader\Autoloader->loadInNamespace('App\\Controllers...')
#2 [internal function]: CodeIgniter\Autoloader\Autoloader->loadClass('App\\Controllers...')
#3 [internal function]: spl_autoload_call('App\\Controllers...')
#4 C:\xampp\htdocs\framework-4.0.4\system\CodeIgniter.php(869): class_exists('\\App\\Controller...', true)
#5 C:\xampp\htdocs\framework-4.0.4\system\CodeIgniter.php(394): CodeIgniter\CodeIgniter->startController()
#6 C:\xampp\htdocs\framework-4.0.4\system\CodeIgniter.php(312): CodeIgniter\CodeIgniter->handleRequest(NULL, Object(Config\Cache), false)
#7 C:\xampp\htdocs\framework-4.0.4\index.php(45): CodeIgniter\CodeIgniter->run()
#8 {main}
CRITICAL - 2020-11-25 16:43:23 --> syntax error, unexpected '}', expecting ';'
#0 C:\xampp\htdocs\framework-4.0.4\system\Autoloader\Autoloader.php(296): CodeIgniter\Autoloader\Autoloader->requireFile('C:\\xampp\\htdocs...')
#1 C:\xampp\htdocs\framework-4.0.4\system\Autoloader\Autoloader.php(258): CodeIgniter\Autoloader\Autoloader->loadInNamespace('App\\Controllers...')
#2 [internal function]: CodeIgniter\Autoloader\Autoloader->loadClass('App\\Controllers...')
#3 [internal function]: spl_autoload_call('App\\Controllers...')
#4 C:\xampp\htdocs\framework-4.0.4\system\CodeIgniter.php(869): class_exists('\\App\\Controller...', true)
#5 C:\xampp\htdocs\framework-4.0.4\system\CodeIgniter.php(394): CodeIgniter\CodeIgniter->startController()
#6 C:\xampp\htdocs\framework-4.0.4\system\CodeIgniter.php(312): CodeIgniter\CodeIgniter->handleRequest(NULL, Object(Config\Cache), false)
#7 C:\xampp\htdocs\framework-4.0.4\index.php(45): CodeIgniter\CodeIgniter->run()
#8 {main}
CRITICAL - 2020-11-25 16:44:28 --> syntax error, unexpected '}', expecting ';'
#0 C:\xampp\htdocs\framework-4.0.4\system\Router\Router.php(195): CodeIgniter\Router\Router->autoRoute('hola')
#1 C:\xampp\htdocs\framework-4.0.4\system\CodeIgniter.php(793): CodeIgniter\Router\Router->handle('hola')
#2 C:\xampp\htdocs\framework-4.0.4\system\CodeIgniter.php(364): CodeIgniter\CodeIgniter->tryToRouteIt(Object(CodeIgniter\Router\RouteCollection))
#3 C:\xampp\htdocs\framework-4.0.4\system\CodeIgniter.php(312): CodeIgniter\CodeIgniter->handleRequest(NULL, Object(Config\Cache), false)
#4 C:\xampp\htdocs\framework-4.0.4\index.php(45): CodeIgniter\CodeIgniter->run()
#5 {main}
CRITICAL - 2020-11-25 16:44:58 --> syntax error, unexpected '}', expecting ';'
#0 C:\xampp\htdocs\framework-4.0.4\system\Router\Router.php(195): CodeIgniter\Router\Router->autoRoute('hola/mensaje')
#1 C:\xampp\htdocs\framework-4.0.4\system\CodeIgniter.php(793): CodeIgniter\Router\Router->handle('hola/mensaje')
#2 C:\xampp\htdocs\framework-4.0.4\system\CodeIgniter.php(364): CodeIgniter\CodeIgniter->tryToRouteIt(Object(CodeIgniter\Router\RouteCollection))
#3 C:\xampp\htdocs\framework-4.0.4\system\CodeIgniter.php(312): CodeIgniter\CodeIgniter->handleRequest(NULL, Object(Config\Cache), false)
#4 C:\xampp\htdocs\framework-4.0.4\index.php(45): CodeIgniter\CodeIgniter->run()
#5 {main}
CRITICAL - 2020-11-25 16:45:13 --> syntax error, unexpected '}', expecting ';'
#0 C:\xampp\htdocs\framework-4.0.4\system\Router\Router.php(195): CodeIgniter\Router\Router->autoRoute('Hola/mensaje')
#1 C:\xampp\htdocs\framework-4.0.4\system\CodeIgniter.php(793): CodeIgniter\Router\Router->handle('Hola/mensaje')
#2 C:\xampp\htdocs\framework-4.0.4\system\CodeIgniter.php(364): CodeIgniter\CodeIgniter->tryToRouteIt(Object(CodeIgniter\Router\RouteCollection))
#3 C:\xampp\htdocs\framework-4.0.4\system\CodeIgniter.php(312): CodeIgniter\CodeIgniter->handleRequest(NULL, Object(Config\Cache), false)
#4 C:\xampp\htdocs\framework-4.0.4\index.php(45): CodeIgniter\CodeIgniter->run()
#5 {main}
CRITICAL - 2020-11-25 16:45:20 --> syntax error, unexpected '}', expecting ';'
#0 C:\xampp\htdocs\framework-4.0.4\system\Router\Router.php(195): CodeIgniter\Router\Router->autoRoute('Hola/mensaje')
#1 C:\xampp\htdocs\framework-4.0.4\system\CodeIgniter.php(793): CodeIgniter\Router\Router->handle('Hola/mensaje')
#2 C:\xampp\htdocs\framework-4.0.4\system\CodeIgniter.php(364): CodeIgniter\CodeIgniter->tryToRouteIt(Object(CodeIgniter\Router\RouteCollection))
#3 C:\xampp\htdocs\framework-4.0.4\system\CodeIgniter.php(312): CodeIgniter\CodeIgniter->handleRequest(NULL, Object(Config\Cache), false)
#4 C:\xampp\htdocs\framework-4.0.4\index.php(45): CodeIgniter\CodeIgniter->run()
#5 {main}
