CRITICAL - 2020-12-01 14:09:03 --> syntax error, unexpected '=>' (T_DOUBLE_ARROW)
#0 C:\xampp\htdocs\framework-4.0.4\system\Router\Router.php(195): CodeIgniter\Router\Router->autoRoute('Formulario/inde...')
#1 C:\xampp\htdocs\framework-4.0.4\system\CodeIgniter.php(793): CodeIgniter\Router\Router->handle('Formulario/inde...')
#2 C:\xampp\htdocs\framework-4.0.4\system\CodeIgniter.php(364): CodeIgniter\CodeIgniter->tryToRouteIt(Object(CodeIgniter\Router\RouteCollection))
#3 C:\xampp\htdocs\framework-4.0.4\system\CodeIgniter.php(312): CodeIgniter\CodeIgniter->handleRequest(NULL, Object(Config\Cache), false)
#4 C:\xampp\htdocs\framework-4.0.4\index.php(45): CodeIgniter\CodeIgniter->run()
#5 {main}
CRITICAL - 2020-12-01 14:10:11 --> syntax error, unexpected '=>' (T_DOUBLE_ARROW)
#0 C:\xampp\htdocs\framework-4.0.4\system\Router\Router.php(195): CodeIgniter\Router\Router->autoRoute('Formulario/inde...')
#1 C:\xampp\htdocs\framework-4.0.4\system\CodeIgniter.php(793): CodeIgniter\Router\Router->handle('Formulario/inde...')
#2 C:\xampp\htdocs\framework-4.0.4\system\CodeIgniter.php(364): CodeIgniter\CodeIgniter->tryToRouteIt(Object(CodeIgniter\Router\RouteCollection))
#3 C:\xampp\htdocs\framework-4.0.4\system\CodeIgniter.php(312): CodeIgniter\CodeIgniter->handleRequest(NULL, Object(Config\Cache), false)
#4 C:\xampp\htdocs\framework-4.0.4\index.php(45): CodeIgniter\CodeIgniter->run()
#5 {main}
CRITICAL - 2020-12-01 14:10:12 --> syntax error, unexpected '=>' (T_DOUBLE_ARROW)
#0 C:\xampp\htdocs\framework-4.0.4\system\Router\Router.php(195): CodeIgniter\Router\Router->autoRoute('Formulario/inde...')
#1 C:\xampp\htdocs\framework-4.0.4\system\CodeIgniter.php(793): CodeIgniter\Router\Router->handle('Formulario/inde...')
#2 C:\xampp\htdocs\framework-4.0.4\system\CodeIgniter.php(364): CodeIgniter\CodeIgniter->tryToRouteIt(Object(CodeIgniter\Router\RouteCollection))
#3 C:\xampp\htdocs\framework-4.0.4\system\CodeIgniter.php(312): CodeIgniter\CodeIgniter->handleRequest(NULL, Object(Config\Cache), false)
#4 C:\xampp\htdocs\framework-4.0.4\index.php(45): CodeIgniter\CodeIgniter->run()
#5 {main}
CRITICAL - 2020-12-01 14:10:12 --> syntax error, unexpected '=>' (T_DOUBLE_ARROW)
#0 C:\xampp\htdocs\framework-4.0.4\system\Router\Router.php(195): CodeIgniter\Router\Router->autoRoute('Formulario/inde...')
#1 C:\xampp\htdocs\framework-4.0.4\system\CodeIgniter.php(793): CodeIgniter\Router\Router->handle('Formulario/inde...')
#2 C:\xampp\htdocs\framework-4.0.4\system\CodeIgniter.php(364): CodeIgniter\CodeIgniter->tryToRouteIt(Object(CodeIgniter\Router\RouteCollection))
#3 C:\xampp\htdocs\framework-4.0.4\system\CodeIgniter.php(312): CodeIgniter\CodeIgniter->handleRequest(NULL, Object(Config\Cache), false)
#4 C:\xampp\htdocs\framework-4.0.4\index.php(45): CodeIgniter\CodeIgniter->run()
#5 {main}
CRITICAL - 2020-12-01 14:10:12 --> syntax error, unexpected '=>' (T_DOUBLE_ARROW)
#0 C:\xampp\htdocs\framework-4.0.4\system\Router\Router.php(195): CodeIgniter\Router\Router->autoRoute('Formulario/inde...')
#1 C:\xampp\htdocs\framework-4.0.4\system\CodeIgniter.php(793): CodeIgniter\Router\Router->handle('Formulario/inde...')
#2 C:\xampp\htdocs\framework-4.0.4\system\CodeIgniter.php(364): CodeIgniter\CodeIgniter->tryToRouteIt(Object(CodeIgniter\Router\RouteCollection))
#3 C:\xampp\htdocs\framework-4.0.4\system\CodeIgniter.php(312): CodeIgniter\CodeIgniter->handleRequest(NULL, Object(Config\Cache), false)
#4 C:\xampp\htdocs\framework-4.0.4\index.php(45): CodeIgniter\CodeIgniter->run()
#5 {main}
CRITICAL - 2020-12-01 14:10:13 --> syntax error, unexpected '=>' (T_DOUBLE_ARROW)
#0 C:\xampp\htdocs\framework-4.0.4\system\Router\Router.php(195): CodeIgniter\Router\Router->autoRoute('Formulario/inde...')
#1 C:\xampp\htdocs\framework-4.0.4\system\CodeIgniter.php(793): CodeIgniter\Router\Router->handle('Formulario/inde...')
#2 C:\xampp\htdocs\framework-4.0.4\system\CodeIgniter.php(364): CodeIgniter\CodeIgniter->tryToRouteIt(Object(CodeIgniter\Router\RouteCollection))
#3 C:\xampp\htdocs\framework-4.0.4\system\CodeIgniter.php(312): CodeIgniter\CodeIgniter->handleRequest(NULL, Object(Config\Cache), false)
#4 C:\xampp\htdocs\framework-4.0.4\index.php(45): CodeIgniter\CodeIgniter->run()
#5 {main}
CRITICAL - 2020-12-01 14:10:13 --> syntax error, unexpected '=>' (T_DOUBLE_ARROW)
#0 C:\xampp\htdocs\framework-4.0.4\system\Router\Router.php(195): CodeIgniter\Router\Router->autoRoute('Formulario/inde...')
#1 C:\xampp\htdocs\framework-4.0.4\system\CodeIgniter.php(793): CodeIgniter\Router\Router->handle('Formulario/inde...')
#2 C:\xampp\htdocs\framework-4.0.4\system\CodeIgniter.php(364): CodeIgniter\CodeIgniter->tryToRouteIt(Object(CodeIgniter\Router\RouteCollection))
#3 C:\xampp\htdocs\framework-4.0.4\system\CodeIgniter.php(312): CodeIgniter\CodeIgniter->handleRequest(NULL, Object(Config\Cache), false)
#4 C:\xampp\htdocs\framework-4.0.4\index.php(45): CodeIgniter\CodeIgniter->run()
#5 {main}
CRITICAL - 2020-12-01 14:10:13 --> syntax error, unexpected '=>' (T_DOUBLE_ARROW)
#0 C:\xampp\htdocs\framework-4.0.4\system\Router\Router.php(195): CodeIgniter\Router\Router->autoRoute('Formulario/inde...')
#1 C:\xampp\htdocs\framework-4.0.4\system\CodeIgniter.php(793): CodeIgniter\Router\Router->handle('Formulario/inde...')
#2 C:\xampp\htdocs\framework-4.0.4\system\CodeIgniter.php(364): CodeIgniter\CodeIgniter->tryToRouteIt(Object(CodeIgniter\Router\RouteCollection))
#3 C:\xampp\htdocs\framework-4.0.4\system\CodeIgniter.php(312): CodeIgniter\CodeIgniter->handleRequest(NULL, Object(Config\Cache), false)
#4 C:\xampp\htdocs\framework-4.0.4\index.php(45): CodeIgniter\CodeIgniter->run()
#5 {main}
CRITICAL - 2020-12-01 14:10:13 --> syntax error, unexpected '=>' (T_DOUBLE_ARROW)
#0 C:\xampp\htdocs\framework-4.0.4\system\Router\Router.php(195): CodeIgniter\Router\Router->autoRoute('Formulario/inde...')
#1 C:\xampp\htdocs\framework-4.0.4\system\CodeIgniter.php(793): CodeIgniter\Router\Router->handle('Formulario/inde...')
#2 C:\xampp\htdocs\framework-4.0.4\system\CodeIgniter.php(364): CodeIgniter\CodeIgniter->tryToRouteIt(Object(CodeIgniter\Router\RouteCollection))
#3 C:\xampp\htdocs\framework-4.0.4\system\CodeIgniter.php(312): CodeIgniter\CodeIgniter->handleRequest(NULL, Object(Config\Cache), false)
#4 C:\xampp\htdocs\framework-4.0.4\index.php(45): CodeIgniter\CodeIgniter->run()
#5 {main}
CRITICAL - 2020-12-01 14:10:13 --> syntax error, unexpected '=>' (T_DOUBLE_ARROW)
#0 C:\xampp\htdocs\framework-4.0.4\system\Router\Router.php(195): CodeIgniter\Router\Router->autoRoute('Formulario/inde...')
#1 C:\xampp\htdocs\framework-4.0.4\system\CodeIgniter.php(793): CodeIgniter\Router\Router->handle('Formulario/inde...')
#2 C:\xampp\htdocs\framework-4.0.4\system\CodeIgniter.php(364): CodeIgniter\CodeIgniter->tryToRouteIt(Object(CodeIgniter\Router\RouteCollection))
#3 C:\xampp\htdocs\framework-4.0.4\system\CodeIgniter.php(312): CodeIgniter\CodeIgniter->handleRequest(NULL, Object(Config\Cache), false)
#4 C:\xampp\htdocs\framework-4.0.4\index.php(45): CodeIgniter\CodeIgniter->run()
#5 {main}
CRITICAL - 2020-12-01 14:10:14 --> syntax error, unexpected '=>' (T_DOUBLE_ARROW)
#0 C:\xampp\htdocs\framework-4.0.4\system\Router\Router.php(195): CodeIgniter\Router\Router->autoRoute('Formulario/inde...')
#1 C:\xampp\htdocs\framework-4.0.4\system\CodeIgniter.php(793): CodeIgniter\Router\Router->handle('Formulario/inde...')
#2 C:\xampp\htdocs\framework-4.0.4\system\CodeIgniter.php(364): CodeIgniter\CodeIgniter->tryToRouteIt(Object(CodeIgniter\Router\RouteCollection))
#3 C:\xampp\htdocs\framework-4.0.4\system\CodeIgniter.php(312): CodeIgniter\CodeIgniter->handleRequest(NULL, Object(Config\Cache), false)
#4 C:\xampp\htdocs\framework-4.0.4\index.php(45): CodeIgniter\CodeIgniter->run()
#5 {main}
CRITICAL - 2020-12-01 14:10:14 --> syntax error, unexpected '=>' (T_DOUBLE_ARROW)
#0 C:\xampp\htdocs\framework-4.0.4\system\Router\Router.php(195): CodeIgniter\Router\Router->autoRoute('Formulario/inde...')
#1 C:\xampp\htdocs\framework-4.0.4\system\CodeIgniter.php(793): CodeIgniter\Router\Router->handle('Formulario/inde...')
#2 C:\xampp\htdocs\framework-4.0.4\system\CodeIgniter.php(364): CodeIgniter\CodeIgniter->tryToRouteIt(Object(CodeIgniter\Router\RouteCollection))
#3 C:\xampp\htdocs\framework-4.0.4\system\CodeIgniter.php(312): CodeIgniter\CodeIgniter->handleRequest(NULL, Object(Config\Cache), false)
#4 C:\xampp\htdocs\framework-4.0.4\index.php(45): CodeIgniter\CodeIgniter->run()
#5 {main}
CRITICAL - 2020-12-01 14:10:14 --> syntax error, unexpected '=>' (T_DOUBLE_ARROW)
#0 C:\xampp\htdocs\framework-4.0.4\system\Router\Router.php(195): CodeIgniter\Router\Router->autoRoute('Formulario/inde...')
#1 C:\xampp\htdocs\framework-4.0.4\system\CodeIgniter.php(793): CodeIgniter\Router\Router->handle('Formulario/inde...')
#2 C:\xampp\htdocs\framework-4.0.4\system\CodeIgniter.php(364): CodeIgniter\CodeIgniter->tryToRouteIt(Object(CodeIgniter\Router\RouteCollection))
#3 C:\xampp\htdocs\framework-4.0.4\system\CodeIgniter.php(312): CodeIgniter\CodeIgniter->handleRequest(NULL, Object(Config\Cache), false)
#4 C:\xampp\htdocs\framework-4.0.4\index.php(45): CodeIgniter\CodeIgniter->run()
#5 {main}
CRITICAL - 2020-12-01 14:10:14 --> syntax error, unexpected '=>' (T_DOUBLE_ARROW)
#0 C:\xampp\htdocs\framework-4.0.4\system\Router\Router.php(195): CodeIgniter\Router\Router->autoRoute('Formulario/inde...')
#1 C:\xampp\htdocs\framework-4.0.4\system\CodeIgniter.php(793): CodeIgniter\Router\Router->handle('Formulario/inde...')
#2 C:\xampp\htdocs\framework-4.0.4\system\CodeIgniter.php(364): CodeIgniter\CodeIgniter->tryToRouteIt(Object(CodeIgniter\Router\RouteCollection))
#3 C:\xampp\htdocs\framework-4.0.4\system\CodeIgniter.php(312): CodeIgniter\CodeIgniter->handleRequest(NULL, Object(Config\Cache), false)
#4 C:\xampp\htdocs\framework-4.0.4\index.php(45): CodeIgniter\CodeIgniter->run()
#5 {main}
CRITICAL - 2020-12-01 14:10:14 --> syntax error, unexpected '=>' (T_DOUBLE_ARROW)
#0 C:\xampp\htdocs\framework-4.0.4\system\Router\Router.php(195): CodeIgniter\Router\Router->autoRoute('Formulario/inde...')
#1 C:\xampp\htdocs\framework-4.0.4\system\CodeIgniter.php(793): CodeIgniter\Router\Router->handle('Formulario/inde...')
#2 C:\xampp\htdocs\framework-4.0.4\system\CodeIgniter.php(364): CodeIgniter\CodeIgniter->tryToRouteIt(Object(CodeIgniter\Router\RouteCollection))
#3 C:\xampp\htdocs\framework-4.0.4\system\CodeIgniter.php(312): CodeIgniter\CodeIgniter->handleRequest(NULL, Object(Config\Cache), false)
#4 C:\xampp\htdocs\framework-4.0.4\index.php(45): CodeIgniter\CodeIgniter->run()
#5 {main}
CRITICAL - 2020-12-01 14:10:15 --> syntax error, unexpected '=>' (T_DOUBLE_ARROW)
#0 C:\xampp\htdocs\framework-4.0.4\system\Router\Router.php(195): CodeIgniter\Router\Router->autoRoute('Formulario/inde...')
#1 C:\xampp\htdocs\framework-4.0.4\system\CodeIgniter.php(793): CodeIgniter\Router\Router->handle('Formulario/inde...')
#2 C:\xampp\htdocs\framework-4.0.4\system\CodeIgniter.php(364): CodeIgniter\CodeIgniter->tryToRouteIt(Object(CodeIgniter\Router\RouteCollection))
#3 C:\xampp\htdocs\framework-4.0.4\system\CodeIgniter.php(312): CodeIgniter\CodeIgniter->handleRequest(NULL, Object(Config\Cache), false)
#4 C:\xampp\htdocs\framework-4.0.4\index.php(45): CodeIgniter\CodeIgniter->run()
#5 {main}
CRITICAL - 2020-12-01 14:10:15 --> syntax error, unexpected '=>' (T_DOUBLE_ARROW)
#0 C:\xampp\htdocs\framework-4.0.4\system\Router\Router.php(195): CodeIgniter\Router\Router->autoRoute('Formulario/inde...')
#1 C:\xampp\htdocs\framework-4.0.4\system\CodeIgniter.php(793): CodeIgniter\Router\Router->handle('Formulario/inde...')
#2 C:\xampp\htdocs\framework-4.0.4\system\CodeIgniter.php(364): CodeIgniter\CodeIgniter->tryToRouteIt(Object(CodeIgniter\Router\RouteCollection))
#3 C:\xampp\htdocs\framework-4.0.4\system\CodeIgniter.php(312): CodeIgniter\CodeIgniter->handleRequest(NULL, Object(Config\Cache), false)
#4 C:\xampp\htdocs\framework-4.0.4\index.php(45): CodeIgniter\CodeIgniter->run()
#5 {main}
CRITICAL - 2020-12-01 14:10:15 --> syntax error, unexpected '=>' (T_DOUBLE_ARROW)
#0 C:\xampp\htdocs\framework-4.0.4\system\Router\Router.php(195): CodeIgniter\Router\Router->autoRoute('Formulario/inde...')
#1 C:\xampp\htdocs\framework-4.0.4\system\CodeIgniter.php(793): CodeIgniter\Router\Router->handle('Formulario/inde...')
#2 C:\xampp\htdocs\framework-4.0.4\system\CodeIgniter.php(364): CodeIgniter\CodeIgniter->tryToRouteIt(Object(CodeIgniter\Router\RouteCollection))
#3 C:\xampp\htdocs\framework-4.0.4\system\CodeIgniter.php(312): CodeIgniter\CodeIgniter->handleRequest(NULL, Object(Config\Cache), false)
#4 C:\xampp\htdocs\framework-4.0.4\index.php(45): CodeIgniter\CodeIgniter->run()
#5 {main}
CRITICAL - 2020-12-01 14:10:15 --> syntax error, unexpected '=>' (T_DOUBLE_ARROW)
#0 C:\xampp\htdocs\framework-4.0.4\system\Router\Router.php(195): CodeIgniter\Router\Router->autoRoute('Formulario/inde...')
#1 C:\xampp\htdocs\framework-4.0.4\system\CodeIgniter.php(793): CodeIgniter\Router\Router->handle('Formulario/inde...')
#2 C:\xampp\htdocs\framework-4.0.4\system\CodeIgniter.php(364): CodeIgniter\CodeIgniter->tryToRouteIt(Object(CodeIgniter\Router\RouteCollection))
#3 C:\xampp\htdocs\framework-4.0.4\system\CodeIgniter.php(312): CodeIgniter\CodeIgniter->handleRequest(NULL, Object(Config\Cache), false)
#4 C:\xampp\htdocs\framework-4.0.4\index.php(45): CodeIgniter\CodeIgniter->run()
#5 {main}
CRITICAL - 2020-12-01 14:10:15 --> syntax error, unexpected '=>' (T_DOUBLE_ARROW)
#0 C:\xampp\htdocs\framework-4.0.4\system\Router\Router.php(195): CodeIgniter\Router\Router->autoRoute('Formulario/inde...')
#1 C:\xampp\htdocs\framework-4.0.4\system\CodeIgniter.php(793): CodeIgniter\Router\Router->handle('Formulario/inde...')
#2 C:\xampp\htdocs\framework-4.0.4\system\CodeIgniter.php(364): CodeIgniter\CodeIgniter->tryToRouteIt(Object(CodeIgniter\Router\RouteCollection))
#3 C:\xampp\htdocs\framework-4.0.4\system\CodeIgniter.php(312): CodeIgniter\CodeIgniter->handleRequest(NULL, Object(Config\Cache), false)
#4 C:\xampp\htdocs\framework-4.0.4\index.php(45): CodeIgniter\CodeIgniter->run()
#5 {main}
CRITICAL - 2020-12-01 14:10:16 --> syntax error, unexpected '=>' (T_DOUBLE_ARROW)
#0 C:\xampp\htdocs\framework-4.0.4\system\Router\Router.php(195): CodeIgniter\Router\Router->autoRoute('Formulario/inde...')
#1 C:\xampp\htdocs\framework-4.0.4\system\CodeIgniter.php(793): CodeIgniter\Router\Router->handle('Formulario/inde...')
#2 C:\xampp\htdocs\framework-4.0.4\system\CodeIgniter.php(364): CodeIgniter\CodeIgniter->tryToRouteIt(Object(CodeIgniter\Router\RouteCollection))
#3 C:\xampp\htdocs\framework-4.0.4\system\CodeIgniter.php(312): CodeIgniter\CodeIgniter->handleRequest(NULL, Object(Config\Cache), false)
#4 C:\xampp\htdocs\framework-4.0.4\index.php(45): CodeIgniter\CodeIgniter->run()
#5 {main}
CRITICAL - 2020-12-01 14:10:16 --> syntax error, unexpected '=>' (T_DOUBLE_ARROW)
#0 C:\xampp\htdocs\framework-4.0.4\system\Router\Router.php(195): CodeIgniter\Router\Router->autoRoute('Formulario/inde...')
#1 C:\xampp\htdocs\framework-4.0.4\system\CodeIgniter.php(793): CodeIgniter\Router\Router->handle('Formulario/inde...')
#2 C:\xampp\htdocs\framework-4.0.4\system\CodeIgniter.php(364): CodeIgniter\CodeIgniter->tryToRouteIt(Object(CodeIgniter\Router\RouteCollection))
#3 C:\xampp\htdocs\framework-4.0.4\system\CodeIgniter.php(312): CodeIgniter\CodeIgniter->handleRequest(NULL, Object(Config\Cache), false)
#4 C:\xampp\htdocs\framework-4.0.4\index.php(45): CodeIgniter\CodeIgniter->run()
#5 {main}
CRITICAL - 2020-12-01 14:10:16 --> syntax error, unexpected '=>' (T_DOUBLE_ARROW)
#0 C:\xampp\htdocs\framework-4.0.4\system\Router\Router.php(195): CodeIgniter\Router\Router->autoRoute('Formulario/inde...')
#1 C:\xampp\htdocs\framework-4.0.4\system\CodeIgniter.php(793): CodeIgniter\Router\Router->handle('Formulario/inde...')
#2 C:\xampp\htdocs\framework-4.0.4\system\CodeIgniter.php(364): CodeIgniter\CodeIgniter->tryToRouteIt(Object(CodeIgniter\Router\RouteCollection))
#3 C:\xampp\htdocs\framework-4.0.4\system\CodeIgniter.php(312): CodeIgniter\CodeIgniter->handleRequest(NULL, Object(Config\Cache), false)
#4 C:\xampp\htdocs\framework-4.0.4\index.php(45): CodeIgniter\CodeIgniter->run()
#5 {main}
CRITICAL - 2020-12-01 14:10:16 --> syntax error, unexpected '=>' (T_DOUBLE_ARROW)
#0 C:\xampp\htdocs\framework-4.0.4\system\Router\Router.php(195): CodeIgniter\Router\Router->autoRoute('Formulario/inde...')
#1 C:\xampp\htdocs\framework-4.0.4\system\CodeIgniter.php(793): CodeIgniter\Router\Router->handle('Formulario/inde...')
#2 C:\xampp\htdocs\framework-4.0.4\system\CodeIgniter.php(364): CodeIgniter\CodeIgniter->tryToRouteIt(Object(CodeIgniter\Router\RouteCollection))
#3 C:\xampp\htdocs\framework-4.0.4\system\CodeIgniter.php(312): CodeIgniter\CodeIgniter->handleRequest(NULL, Object(Config\Cache), false)
#4 C:\xampp\htdocs\framework-4.0.4\index.php(45): CodeIgniter\CodeIgniter->run()
#5 {main}
CRITICAL - 2020-12-01 14:10:16 --> syntax error, unexpected '=>' (T_DOUBLE_ARROW)
#0 C:\xampp\htdocs\framework-4.0.4\system\Router\Router.php(195): CodeIgniter\Router\Router->autoRoute('Formulario/inde...')
#1 C:\xampp\htdocs\framework-4.0.4\system\CodeIgniter.php(793): CodeIgniter\Router\Router->handle('Formulario/inde...')
#2 C:\xampp\htdocs\framework-4.0.4\system\CodeIgniter.php(364): CodeIgniter\CodeIgniter->tryToRouteIt(Object(CodeIgniter\Router\RouteCollection))
#3 C:\xampp\htdocs\framework-4.0.4\system\CodeIgniter.php(312): CodeIgniter\CodeIgniter->handleRequest(NULL, Object(Config\Cache), false)
#4 C:\xampp\htdocs\framework-4.0.4\index.php(45): CodeIgniter\CodeIgniter->run()
#5 {main}
CRITICAL - 2020-12-01 14:43:48 --> Argument 2 passed to view() must be of the type array, null given, called in C:\xampp\htdocs\framework-4.0.4\app\Controllers\Formulario.php on line 55
#0 C:\xampp\htdocs\framework-4.0.4\app\Controllers\Formulario.php(55): view('cuerpoTbl', NULL)
#1 C:\xampp\htdocs\framework-4.0.4\system\CodeIgniter.php(918): App\Controllers\Formulario->consultaDelete()
#2 C:\xampp\htdocs\framework-4.0.4\system\CodeIgniter.php(404): CodeIgniter\CodeIgniter->runController(Object(App\Controllers\Formulario))
#3 C:\xampp\htdocs\framework-4.0.4\system\CodeIgniter.php(312): CodeIgniter\CodeIgniter->handleRequest(NULL, Object(Config\Cache), false)
#4 C:\xampp\htdocs\framework-4.0.4\index.php(45): CodeIgniter\CodeIgniter->run()
#5 {main}
